<?xml version="1.0" encoding="UTF-8"?>
<!-- Generated by org.testng.reporters.JUnitXMLReporter -->
<testsuite hostname="Vandy" ignored="0" name="Default test" tests="1" failures="0" timestamp="06 Jun 2020 18:32:58 GMT" time="1.435" errors="0">
  <testcase name="@BeforeClass setup" time="1.41" classname="com.Guru99.testCases.BaseClassGuru">
    <failure type="org.openqa.selenium.SessionNotCreatedException" message="session not created: This version of ChromeDriver only supports Chrome version 81
Build info: version: &amp;apos;3.141.59&amp;apos;, revision: &amp;apos;e82be7d358&amp;apos;, time: &amp;apos;2018-11-14T08:17:03&amp;apos;
System info: host: &amp;apos;VANDY&amp;apos;, ip: &amp;apos;192.168.1.3&amp;apos;, os.name: &amp;apos;Windows 10&amp;apos;, os.arch: &amp;apos;amd64&amp;apos;, os.version: &amp;apos;10.0&amp;apos;, java.version: &amp;apos;1.8.0_192&amp;apos;
Driver info: driver.version: ChromeDriver
remote stacktrace: Backtrace:
	Ordinal0 [0x01535F73+2449267]
	Ordinal0 [0x01468361+1606497]
	Ordinal0 [0x0135F969+522601]
	Ordinal0 [0x012F05F3+67059]
	Ordinal0 [0x012ECD92+52626]
	Ordinal0 [0x0130C127+180519]
	Ordinal0 [0x0130BF2D+180013]
	Ordinal0 [0x01309E5B+171611]
	Ordinal0 [0x012F1DD8+73176]
	Ordinal0 [0x012F2E50+77392]
	Ordinal0 [0x012F2DE9+77289]
	Ordinal0 [0x0147D8D7+1693911]
	GetHandleVerifier [0x015D4036+522726]
	GetHandleVerifier [0x015D3D74+522020]
	GetHandleVerifier [0x015E9187+609079]
	GetHandleVerifier [0x015D48A6+524886]
	Ordinal0 [0x01475CBC+1662140]
	Ordinal0 [0x0147F23B+1700411]
	Ordinal0 [0x0147F3A3+1700771]
	Ordinal0 [0x01495215+1790485]
	BaseThreadInitThunk [0x76C18494+36]
	RtlAreBitsSet [0x770041C8+136]
	RtlAreBitsSet [0x77004198+88]
">
      <![CDATA[org.openqa.selenium.SessionNotCreatedException: session not created: This version of ChromeDriver only supports Chrome version 81
Build info: version: '3.141.59', revision: 'e82be7d358', time: '2018-11-14T08:17:03'
System info: host: 'VANDY', ip: '192.168.1.3', os.name: 'Windows 10', os.arch: 'amd64', os.version: '10.0', java.version: '1.8.0_192'
Driver info: driver.version: ChromeDriver
remote stacktrace: Backtrace:
Ordinal0 [0x01535F73+2449267]
Ordinal0 [0x01468361+1606497]
Ordinal0 [0x0135F969+522601]
Ordinal0 [0x012F05F3+67059]
Ordinal0 [0x012ECD92+52626]
Ordinal0 [0x0130C127+180519]
Ordinal0 [0x0130BF2D+180013]
Ordinal0 [0x01309E5B+171611]
Ordinal0 [0x012F1DD8+73176]
Ordinal0 [0x012F2E50+77392]
Ordinal0 [0x012F2DE9+77289]
Ordinal0 [0x0147D8D7+1693911]
GetHandleVerifier [0x015D4036+522726]
GetHandleVerifier [0x015D3D74+522020]
GetHandleVerifier [0x015E9187+609079]
GetHandleVerifier [0x015D48A6+524886]
Ordinal0 [0x01475CBC+1662140]
Ordinal0 [0x0147F23B+1700411]
Ordinal0 [0x0147F3A3+1700771]
Ordinal0 [0x01495215+1790485]
BaseThreadInitThunk [0x76C18494+36]
RtlAreBitsSet [0x770041C8+136]
RtlAreBitsSet [0x77004198+88]

at sun.reflect.NativeConstructorAccessorImpl.newInstance0(Native Method)
at sun.reflect.NativeConstructorAccessorImpl.newInstance(Unknown Source)
at sun.reflect.DelegatingConstructorAccessorImpl.newInstance(Unknown Source)
at java.lang.reflect.Constructor.newInstance(Unknown Source)
at org.openqa.selenium.remote.W3CHandshakeResponse.lambda$errorHandler$0(W3CHandshakeResponse.java:62)
at org.openqa.selenium.remote.HandshakeResponse.lambda$getResponseFunction$0(HandshakeResponse.java:30)
at org.openqa.selenium.remote.ProtocolHandshake.lambda$createSession$0(ProtocolHandshake.java:126)
at java.util.stream.ReferencePipeline$3$1.accept(Unknown Source)
at java.util.Spliterators$ArraySpliterator.tryAdvance(Unknown Source)
at java.util.stream.ReferencePipeline.forEachWithCancel(Unknown Source)
at java.util.stream.AbstractPipeline.copyIntoWithCancel(Unknown Source)
at java.util.stream.AbstractPipeline.copyInto(Unknown Source)
at java.util.stream.AbstractPipeline.wrapAndCopyInto(Unknown Source)
at java.util.stream.FindOps$FindOp.evaluateSequential(Unknown Source)
at java.util.stream.AbstractPipeline.evaluate(Unknown Source)
at java.util.stream.ReferencePipeline.findFirst(Unknown Source)
at org.openqa.selenium.remote.ProtocolHandshake.createSession(ProtocolHandshake.java:128)
at org.openqa.selenium.remote.ProtocolHandshake.createSession(ProtocolHandshake.java:74)
at org.openqa.selenium.remote.HttpCommandExecutor.execute(HttpCommandExecutor.java:136)
at org.openqa.selenium.remote.service.DriverCommandExecutor.execute(DriverCommandExecutor.java:83)
at org.openqa.selenium.remote.RemoteWebDriver.execute(RemoteWebDriver.java:552)
at org.openqa.selenium.remote.RemoteWebDriver.startSession(RemoteWebDriver.java:213)
at org.openqa.selenium.remote.RemoteWebDriver.<init>(RemoteWebDriver.java:131)
at org.openqa.selenium.chrome.ChromeDriver.<init>(ChromeDriver.java:181)
at org.openqa.selenium.chrome.ChromeDriver.<init>(ChromeDriver.java:168)
at org.openqa.selenium.chrome.ChromeDriver.<init>(ChromeDriver.java:123)
at com.Guru99.testCases.BaseClassGuru.setup(BaseClassGuru.java:19)
at sun.reflect.NativeMethodAccessorImpl.invoke0(Native Method)
at sun.reflect.NativeMethodAccessorImpl.invoke(Unknown Source)
at sun.reflect.DelegatingMethodAccessorImpl.invoke(Unknown Source)
at java.lang.reflect.Method.invoke(Unknown Source)
at org.testng.internal.MethodInvocationHelper.invokeMethod(MethodInvocationHelper.java:124)
at org.testng.internal.MethodInvocationHelper.invokeMethodConsideringTimeout(MethodInvocationHelper.java:59)
at org.testng.internal.Invoker.invokeConfigurationMethod(Invoker.java:458)
at org.testng.internal.Invoker.invokeConfigurations(Invoker.java:222)
at org.testng.internal.Invoker.invokeConfigurations(Invoker.java:142)
at org.testng.internal.TestMethodWorker.invokeBeforeClassMethods(TestMethodWorker.java:168)
at org.testng.internal.TestMethodWorker.run(TestMethodWorker.java:105)
at org.testng.TestRunner.privateRun(TestRunner.java:648)
at org.testng.TestRunner.run(TestRunner.java:505)
at org.testng.SuiteRunner.runTest(SuiteRunner.java:455)
at org.testng.SuiteRunner.runSequentially(SuiteRunner.java:450)
at org.testng.SuiteRunner.privateRun(SuiteRunner.java:415)
at org.testng.SuiteRunner.run(SuiteRunner.java:364)
at org.testng.SuiteRunnerWorker.runSuite(SuiteRunnerWorker.java:52)
at org.testng.SuiteRunnerWorker.run(SuiteRunnerWorker.java:84)
at org.testng.TestNG.runSuitesSequentially(TestNG.java:1208)
at org.testng.TestNG.runSuitesLocally(TestNG.java:1137)
at org.testng.TestNG.runSuites(TestNG.java:1049)
at org.testng.TestNG.run(TestNG.java:1017)
at org.testng.remote.AbstractRemoteTestNG.run(AbstractRemoteTestNG.java:115)
at org.testng.remote.RemoteTestNG.initAndRun(RemoteTestNG.java:251)
at org.testng.remote.RemoteTestNG.main(RemoteTestNG.java:77)
]]>
    </failure>
  </testcase> <!-- @BeforeClass setup -->
  <testcase name="@AfterClass tearDown" time="0.0" classname="com.Guru99.testCases.BaseClassGuru">
    <skipped/>
  </testcase> <!-- @AfterClass tearDown -->
  <testcase name="loginTestGuru" time="0.0" classname="com.Guru99.testCases.TC_LoginGuru">
    <skipped/>
  </testcase> <!-- loginTestGuru -->
</testsuite> <!-- Default test -->
